# JRE version: OpenJDK Runtime Environment Temurin-21.0.6+7 (21.0.6+7) (build 21.0.6+7-LTS)
# Java VM: OpenJDK 64-Bit Server VM Temurin-21.0.6+7 (21.0.6+7-LTS, mixed mode, emulated-client, sharing, tiered, compressed oops, compressed class ptrs, g1 gc, windows-amd64)
GC Precious Log:
 CardTable entry size: 512
 Card Set container configuration: InlinePtr #cards 4 size 8 Array Of Cards #cards 16 size 48 Howl #buckets 8 coarsen threshold 3686 Howl Bitmap #cards 512 size 80 coarsen threshold 460 Card regions per heap region 1 cards per card region 4096
 CPUs: 12 total, 12 available
 Memory: 16322M
 Large Page Support: Disabled
 NUMA Support: Disabled
 Compressed Oops: Enabled (Zero based)
 Heap Region Size: 2M
 Heap Min Capacity: 8M
 Heap Initial Capacity: 256M
 Heap Max Capacity: 4082M
 Pre-touch: Disabled
 Parallel Workers: 10
 Concurrent Workers: 3
 Concurrent Refinement Workers: 10
 Periodic GC: Disabled
Heap:
 garbage-first heap   total 63488K, used 43550K [0x0000000700e00000, 0x0000000800000000)
  region size 2048K, 1 young (2048K), 1 survivors (2048K)
 Metaspace       used 72572K, committed 73280K, reserved 1114112K
  class space    used 10450K, committed 10752K, reserved 1048576K
GC Heap History (20 events):
Event: 8.167 GC heap after
{Heap after GC invocations=21 (full 0):
 garbage-first heap   total 51200K, used 29572K [0x0000000700e00000, 0x0000000800000000)
  region size 2048K, 1 young (2048K), 1 survivors (2048K)
 Metaspace       used 63576K, committed 64256K, reserved 1114112K
  class space    used 8909K, committed 9216K, reserved 1048576K
}
Event: 8.506 GC heap before
{Heap before GC invocations=21 (full 0):
 garbage-first heap   total 51200K, used 43908K [0x0000000700e00000, 0x0000000800000000)
  region size 2048K, 8 young (16384K), 1 survivors (2048K)
 Metaspace       used 66695K, committed 67392K, reserved 1114112K
  class space    used 9330K, committed 9600K, reserved 1048576K
}
Event: 8.508 GC heap after
{Heap after GC invocations=22 (full 0):
 garbage-first heap   total 51200K, used 30904K [0x0000000700e00000, 0x0000000800000000)
  region size 2048K, 1 young (2048K), 1 survivors (2048K)
 Metaspace       used 66695K, committed 67392K, reserved 1114112K
  class space    used 9330K, committed 9600K, reserved 1048576K
}
Event: 8.809 GC heap before
{Heap before GC invocations=23 (full 0):
 garbage-first heap   total 55296K, used 41144K [0x0000000700e00000, 0x0000000800000000)
  region size 2048K, 7 young (14336K), 1 survivors (2048K)
 Metaspace       used 68546K, committed 69248K, reserved 1114112K
  class space    used 9760K, committed 10048K, reserved 1048576K
}
Event: 8.810 GC heap after
{Heap after GC invocations=24 (full 0):
 garbage-first heap   total 55296K, used 32011K [0x0000000700e00000, 0x0000000800000000)
  region size 2048K, 1 young (2048K), 1 survivors (2048K)
 Metaspace       used 68546K, committed 69248K, reserved 1114112K
  class space    used 9760K, committed 10048K, reserved 1048576K
}
Event: 11.239 GC heap before
{Heap before GC invocations=24 (full 0):
 garbage-first heap   total 55296K, used 46347K [0x0000000700e00000, 0x0000000800000000)
  region size 2048K, 8 young (16384K), 1 survivors (2048K)
 Metaspace       used 70580K, committed 71232K, reserved 1114112K
  class space    used 10172K, committed 10432K, reserved 1048576K
}
Event: 11.241 GC heap after
{Heap after GC invocations=25 (full 0):
 garbage-first heap   total 55296K, used 33255K [0x0000000700e00000, 0x0000000800000000)
  region size 2048K, 1 young (2048K), 1 survivors (2048K)
 Metaspace       used 70580K, committed 71232K, reserved 1114112K
  class space    used 10172K, committed 10432K, reserved 1048576K
}
Event: 11.359 GC heap before
{Heap before GC invocations=25 (full 0):
 garbage-first heap   total 55296K, used 45543K [0x0000000700e00000, 0x0000000800000000)
  region size 2048K, 8 young (16384K), 1 survivors (2048K)
 Metaspace       used 71927K, committed 72640K, reserved 1114112K
  class space    used 10336K, committed 10624K, reserved 1048576K
}
Event: 11.361 GC heap after
{Heap after GC invocations=26 (full 0):
 garbage-first heap   total 55296K, used 33840K [0x0000000700e00000, 0x0000000800000000)
  region size 2048K, 1 young (2048K), 1 survivors (2048K)
 Metaspace       used 71927K, committed 72640K, reserved 1114112K
  class space    used 10336K, committed 10624K, reserved 1048576K
}
Event: 11.447 GC heap before
{Heap before GC invocations=27 (full 0):
 garbage-first heap   total 61440K, used 46128K [0x0000000700e00000, 0x0000000800000000)
  region size 2048K, 7 young (14336K), 1 survivors (2048K)
 Metaspace       used 71972K, committed 72640K, reserved 1114112K
  class space    used 10347K, committed 10624K, reserved 1048576K
}
Event: 11.448 GC heap after
{Heap after GC invocations=28 (full 0):
 garbage-first heap   total 61440K, used 33858K [0x0000000700e00000, 0x0000000800000000)
  region size 2048K, 1 young (2048K), 1 survivors (2048K)
 Metaspace       used 71972K, committed 72640K, reserved 1114112K
  class space    used 10347K, committed 10624K, reserved 1048576K
}
Event: 11.587 GC heap before
{Heap before GC invocations=28 (full 0):
 garbage-first heap   total 61440K, used 52290K [0x0000000700e00000, 0x0000000800000000)
  region size 2048K, 10 young (20480K), 1 survivors (2048K)
 Metaspace       used 72132K, committed 72832K, reserved 1114112K
  class space    used 10393K, committed 10688K, reserved 1048576K
}
Event: 11.589 GC heap after
{Heap after GC invocations=29 (full 0):
 garbage-first heap   total 61440K, used 33982K [0x0000000700e00000, 0x0000000800000000)
  region size 2048K, 1 young (2048K), 1 survivors (2048K)
 Metaspace       used 72132K, committed 72832K, reserved 1114112K
  class space    used 10393K, committed 10688K, reserved 1048576K
}
Event: 11.707 GC heap before
{Heap before GC invocations=29 (full 0):
 garbage-first heap   total 61440K, used 52414K [0x0000000700e00000, 0x0000000800000000)
  region size 2048K, 10 young (20480K), 1 survivors (2048K)
 Metaspace       used 72572K, committed 73280K, reserved 1114112K
  class space    used 10450K, committed 10752K, reserved 1048576K
}
Event: 11.709 GC heap after
{Heap after GC invocations=30 (full 0):
 garbage-first heap   total 61440K, used 34893K [0x0000000700e00000, 0x0000000800000000)
  region size 2048K, 1 young (2048K), 1 survivors (2048K)
 Metaspace       used 72572K, committed 73280K, reserved 1114112K
  class space    used 10450K, committed 10752K, reserved 1048576K
}
Event: 11.746 GC heap before
{Heap before GC invocations=31 (full 0):
 garbage-first heap   total 61440K, used 53325K [0x0000000700e00000, 0x0000000800000000)
  region size 2048K, 10 young (20480K), 1 survivors (2048K)
 Metaspace       used 72572K, committed 73280K, reserved 1114112K
  class space    used 10450K, committed 10752K, reserved 1048576K
}
Event: 11.748 GC heap after
{Heap after GC invocations=32 (full 0):
 garbage-first heap   total 61440K, used 37992K [0x0000000700e00000, 0x0000000800000000)
  region size 2048K, 2 young (4096K), 2 survivors (4096K)
 Metaspace       used 72572K, committed 73280K, reserved 1114112K
  class space    used 10450K, committed 10752K, reserved 1048576K
}
Event: 11.777 GC heap before
{Heap before GC invocations=32 (full 0):
 garbage-first heap   total 61440K, used 52328K [0x0000000700e00000, 0x0000000800000000)
  region size 2048K, 9 young (18432K), 2 survivors (4096K)
 Metaspace       used 72572K, committed 73280K, reserved 1114112K
  class space    used 10450K, committed 10752K, reserved 1048576K
}
Event: 11.820 GC heap after
{Heap after GC invocations=33 (full 0):
 garbage-first heap   total 63488K, used 42353K [0x0000000700e00000, 0x0000000800000000)
  region size 2048K, 2 young (4096K), 2 survivors (4096K)
 Metaspace       used 72572K, committed 73280K, reserved 1114112K
  class space    used 10450K, committed 10752K, reserved 1048576K
}
Event: 11.841 GC heap before
{Heap before GC invocations=33 (full 0):
 garbage-first heap   total 63488K, used 52593K [0x0000000700e00000, 0x0000000800000000)
  region size 2048K, 7 young (14336K), 2 survivors (4096K)
 Metaspace       used 72572K, committed 73280K, reserved 1114112K
  class space    used 10450K, committed 10752K, reserved 1048576K
}

