# JRE version: OpenJDK Runtime Environment Temurin-21.0.6+7 (21.0.6+7) (build 21.0.6+7-LTS)
# Java VM: OpenJDK 64-Bit Server VM Temurin-21.0.6+7 (21.0.6+7-LTS, mixed mode, emulated-client, sharing, tiered, compressed oops, compressed class ptrs, g1 gc, windows-amd64)
GC Precious Log:
 CardTable entry size: 512
 Card Set container configuration: InlinePtr #cards 4 size 8 Array Of Cards #cards 16 size 48 Howl #buckets 8 coarsen threshold 3686 Howl Bitmap #cards 512 size 80 coarsen threshold 460 Card regions per heap region 1 cards per card region 4096
 CPUs: 12 total, 12 available
 Memory: 16322M
 Large Page Support: Disabled
 NUMA Support: Disabled
 Compressed Oops: Enabled (Zero based)
 Heap Region Size: 2M
 Heap Min Capacity: 8M
 Heap Initial Capacity: 256M
 Heap Max Capacity: 4082M
 Pre-touch: Disabled
 Parallel Workers: 10
 Concurrent Workers: 3
 Concurrent Refinement Workers: 10
 Periodic GC: Disabled
Heap:
 garbage-first heap   total 110592K, used 72363K [0x0000000700e00000, 0x0000000800000000)
  region size 2048K, 3 young (6144K), 3 survivors (6144K)
 Metaspace       used 72755K, committed 73536K, reserved 1114112K
  class space    used 10455K, committed 10816K, reserved 1048576K
GC Heap History (20 events):
Event: 11.715 GC heap after
{Heap after GC invocations=14 (full 0):
 garbage-first heap   total 155648K, used 28492K [0x0000000700e00000, 0x0000000800000000)
  region size 2048K, 3 young (6144K), 3 survivors (6144K)
 Metaspace       used 60155K, committed 60736K, reserved 1114112K
  class space    used 8384K, committed 8640K, reserved 1048576K
}
Event: 13.204 GC heap before
{Heap before GC invocations=15 (full 0):
 garbage-first heap   total 102400K, used 83788K [0x0000000700e00000, 0x0000000800000000)
  region size 2048K, 30 young (61440K), 3 survivors (6144K)
 Metaspace       used 68979K, committed 69696K, reserved 1114112K
  class space    used 9806K, committed 10112K, reserved 1048576K
}
Event: 13.209 GC heap after
{Heap after GC invocations=16 (full 0):
 garbage-first heap   total 102400K, used 32549K [0x0000000700e00000, 0x0000000800000000)
  region size 2048K, 3 young (6144K), 3 survivors (6144K)
 Metaspace       used 68979K, committed 69696K, reserved 1114112K
  class space    used 9806K, committed 10112K, reserved 1048576K
}
Event: 14.624 GC heap before
{Heap before GC invocations=16 (full 0):
 garbage-first heap   total 102400K, used 85797K [0x0000000700e00000, 0x0000000800000000)
  region size 2048K, 29 young (59392K), 3 survivors (6144K)
 Metaspace       used 72312K, committed 73024K, reserved 1114112K
  class space    used 10393K, committed 10688K, reserved 1048576K
}
Event: 14.628 GC heap after
{Heap after GC invocations=17 (full 0):
 garbage-first heap   total 102400K, used 35103K [0x0000000700e00000, 0x0000000800000000)
  region size 2048K, 4 young (8192K), 4 survivors (8192K)
 Metaspace       used 72312K, committed 73024K, reserved 1114112K
  class space    used 10393K, committed 10688K, reserved 1048576K
}
Event: 15.935 GC heap before
{Heap before GC invocations=17 (full 0):
 garbage-first heap   total 102400K, used 86303K [0x0000000700e00000, 0x0000000800000000)
  region size 2048K, 29 young (59392K), 4 survivors (8192K)
 Metaspace       used 72753K, committed 73536K, reserved 1114112K
  class space    used 10454K, committed 10816K, reserved 1048576K
}
Event: 15.939 GC heap after
{Heap after GC invocations=18 (full 0):
 garbage-first heap   total 102400K, used 39213K [0x0000000700e00000, 0x0000000800000000)
  region size 2048K, 4 young (8192K), 4 survivors (8192K)
 Metaspace       used 72753K, committed 73536K, reserved 1114112K
  class space    used 10454K, committed 10816K, reserved 1048576K
}
Event: 16.045 GC heap before
{Heap before GC invocations=18 (full 0):
 garbage-first heap   total 102400K, used 84269K [0x0000000700e00000, 0x0000000800000000)
  region size 2048K, 27 young (55296K), 4 survivors (8192K)
 Metaspace       used 72756K, committed 73536K, reserved 1114112K
  class space    used 10454K, committed 10816K, reserved 1048576K
}
Event: 16.047 GC heap after
{Heap after GC invocations=19 (full 0):
 garbage-first heap   total 102400K, used 37029K [0x0000000700e00000, 0x0000000800000000)
  region size 2048K, 2 young (4096K), 2 survivors (4096K)
 Metaspace       used 72756K, committed 73536K, reserved 1114112K
  class space    used 10454K, committed 10816K, reserved 1048576K
}
Event: 16.341 GC heap before
{Heap before GC invocations=20 (full 0):
 garbage-first heap   total 102400K, used 88229K [0x0000000700e00000, 0x0000000800000000)
  region size 2048K, 27 young (55296K), 2 survivors (4096K)
 Metaspace       used 72759K, committed 73536K, reserved 1114112K
  class space    used 10456K, committed 10816K, reserved 1048576K
}
Event: 16.345 GC heap after
{Heap after GC invocations=21 (full 0):
 garbage-first heap   total 102400K, used 43403K [0x0000000700e00000, 0x0000000800000000)
  region size 2048K, 4 young (8192K), 4 survivors (8192K)
 Metaspace       used 72759K, committed 73536K, reserved 1114112K
  class space    used 10456K, committed 10816K, reserved 1048576K
}
Event: 16.497 GC heap before
{Heap before GC invocations=21 (full 0):
 garbage-first heap   total 102400K, used 86411K [0x0000000700e00000, 0x0000000800000000)
  region size 2048K, 25 young (51200K), 4 survivors (8192K)
 Metaspace       used 72759K, committed 73536K, reserved 1114112K
  class space    used 10456K, committed 10816K, reserved 1048576K
}
Event: 16.535 GC heap after
{Heap after GC invocations=22 (full 0):
 garbage-first heap   total 106496K, used 52837K [0x0000000700e00000, 0x0000000800000000)
  region size 2048K, 4 young (8192K), 4 survivors (8192K)
 Metaspace       used 72759K, committed 73536K, reserved 1114112K
  class space    used 10456K, committed 10816K, reserved 1048576K
}
Event: 16.640 GC heap before
{Heap before GC invocations=22 (full 0):
 garbage-first heap   total 106496K, used 89701K [0x0000000700e00000, 0x0000000800000000)
  region size 2048K, 22 young (45056K), 4 survivors (8192K)
 Metaspace       used 72759K, committed 73536K, reserved 1114112K
  class space    used 10456K, committed 10816K, reserved 1048576K
}
Event: 16.644 GC heap after
{Heap after GC invocations=23 (full 0):
 garbage-first heap   total 106496K, used 58658K [0x0000000700e00000, 0x0000000800000000)
  region size 2048K, 3 young (6144K), 3 survivors (6144K)
 Metaspace       used 72759K, committed 73536K, reserved 1114112K
  class space    used 10456K, committed 10816K, reserved 1048576K
}
Event: 16.725 GC heap before
{Heap before GC invocations=24 (full 0):
 garbage-first heap   total 106496K, used 89378K [0x0000000700e00000, 0x0000000800000000)
  region size 2048K, 18 young (36864K), 3 survivors (6144K)
 Metaspace       used 72755K, committed 73536K, reserved 1114112K
  class space    used 10455K, committed 10816K, reserved 1048576K
}
Event: 16.727 GC heap after
{Heap after GC invocations=25 (full 0):
 garbage-first heap   total 106496K, used 60334K [0x0000000700e00000, 0x0000000800000000)
  region size 2048K, 2 young (4096K), 2 survivors (4096K)
 Metaspace       used 72755K, committed 73536K, reserved 1114112K
  class space    used 10455K, committed 10816K, reserved 1048576K
}
Event: 16.780 GC heap before
{Heap before GC invocations=25 (full 0):
 garbage-first heap   total 106496K, used 91054K [0x0000000700e00000, 0x0000000800000000)
  region size 2048K, 17 young (34816K), 2 survivors (4096K)
 Metaspace       used 72755K, committed 73536K, reserved 1114112K
  class space    used 10455K, committed 10816K, reserved 1048576K
}
Event: 16.782 GC heap after
{Heap after GC invocations=26 (full 0):
 garbage-first heap   total 106496K, used 59956K [0x0000000700e00000, 0x0000000800000000)
  region size 2048K, 2 young (4096K), 2 survivors (4096K)
 Metaspace       used 72755K, committed 73536K, reserved 1114112K
  class space    used 10455K, committed 10816K, reserved 1048576K
}
Event: 16.840 GC heap before
{Heap before GC invocations=26 (full 0):
 garbage-first heap   total 106496K, used 92724K [0x0000000700e00000, 0x0000000800000000)
  region size 2048K, 18 young (36864K), 2 survivors (4096K)
 Metaspace       used 72755K, committed 73536K, reserved 1114112K
  class space    used 10455K, committed 10816K, reserved 1048576K
}

