# JRE version: OpenJDK Runtime Environment Temurin-21.0.6+7 (21.0.6+7) (build 21.0.6+7-LTS)
# Java VM: OpenJDK 64-Bit Server VM Temurin-21.0.6+7 (21.0.6+7-LTS, mixed mode, emulated-client, sharing, tiered, compressed oops, compressed class ptrs, g1 gc, windows-amd64)
GC Precious Log:
 CardTable entry size: 512
 Card Set container configuration: InlinePtr #cards 4 size 8 Array Of Cards #cards 16 size 48 Howl #buckets 8 coarsen threshold 3686 Howl Bitmap #cards 512 size 80 coarsen threshold 460 Card regions per heap region 1 cards per card region 4096
 CPUs: 12 total, 12 available
 Memory: 16322M
 Large Page Support: Disabled
 NUMA Support: Disabled
 Compressed Oops: Enabled (Zero based)
 Heap Region Size: 2M
 Heap Min Capacity: 8M
 Heap Initial Capacity: 256M
 Heap Max Capacity: 4082M
 Pre-touch: Disabled
 Parallel Workers: 10
 Concurrent Workers: 3
 Concurrent Refinement Workers: 10
 Periodic GC: Disabled
Heap:
 garbage-first heap   total 108544K, used 41388K [0x0000000700e00000, 0x0000000800000000)
  region size 2048K, 1 young (2048K), 1 survivors (2048K)
 Metaspace       used 73011K, committed 73792K, reserved 1114112K
  class space    used 10447K, committed 10816K, reserved 1048576K
GC Heap History (20 events):
Event: 14.369 GC heap after
{Heap after GC invocations=18 (full 0):
 garbage-first heap   total 90112K, used 32812K [0x0000000700e00000, 0x0000000800000000)
  region size 2048K, 3 young (6144K), 3 survivors (6144K)
 Metaspace       used 71009K, committed 71680K, reserved 1114112K
  class space    used 10170K, committed 10432K, reserved 1048576K
}
Event: 15.826 GC heap before
{Heap before GC invocations=18 (full 0):
 garbage-first heap   total 90112K, used 75820K [0x0000000700e00000, 0x0000000800000000)
  region size 2048K, 24 young (49152K), 3 survivors (6144K)
 Metaspace       used 73009K, committed 73792K, reserved 1114112K
  class space    used 10445K, committed 10816K, reserved 1048576K
}
Event: 15.830 GC heap after
{Heap after GC invocations=19 (full 0):
 garbage-first heap   total 90112K, used 35904K [0x0000000700e00000, 0x0000000800000000)
  region size 2048K, 3 young (6144K), 3 survivors (6144K)
 Metaspace       used 73009K, committed 73792K, reserved 1114112K
  class space    used 10445K, committed 10816K, reserved 1048576K
}
Event: 15.924 GC heap before
{Heap before GC invocations=20 (full 0):
 garbage-first heap   total 90112K, used 74816K [0x0000000700e00000, 0x0000000800000000)
  region size 2048K, 22 young (45056K), 3 survivors (6144K)
 Metaspace       used 73009K, committed 73792K, reserved 1114112K
  class space    used 10445K, committed 10816K, reserved 1048576K
}
Event: 15.926 GC heap after
{Heap after GC invocations=21 (full 0):
 garbage-first heap   total 90112K, used 35206K [0x0000000700e00000, 0x0000000800000000)
  region size 2048K, 2 young (4096K), 2 survivors (4096K)
 Metaspace       used 73009K, committed 73792K, reserved 1114112K
  class space    used 10445K, committed 10816K, reserved 1048576K
}
Event: 16.017 GC heap before
{Heap before GC invocations=21 (full 0):
 garbage-first heap   total 90112K, used 76166K [0x0000000700e00000, 0x0000000800000000)
  region size 2048K, 22 young (45056K), 2 survivors (4096K)
 Metaspace       used 73009K, committed 73792K, reserved 1114112K
  class space    used 10445K, committed 10816K, reserved 1048576K
}
Event: 16.019 GC heap after
{Heap after GC invocations=22 (full 0):
 garbage-first heap   total 90112K, used 35256K [0x0000000700e00000, 0x0000000800000000)
  region size 2048K, 2 young (4096K), 2 survivors (4096K)
 Metaspace       used 73009K, committed 73792K, reserved 1114112K
  class space    used 10445K, committed 10816K, reserved 1048576K
}
Event: 16.313 GC heap before
{Heap before GC invocations=22 (full 0):
 garbage-first heap   total 90112K, used 76216K [0x0000000700e00000, 0x0000000800000000)
  region size 2048K, 22 young (45056K), 2 survivors (4096K)
 Metaspace       used 73011K, committed 73792K, reserved 1114112K
  class space    used 10447K, committed 10816K, reserved 1048576K
}
Event: 16.315 GC heap after
{Heap after GC invocations=23 (full 0):
 garbage-first heap   total 90112K, used 38913K [0x0000000700e00000, 0x0000000800000000)
  region size 2048K, 3 young (6144K), 3 survivors (6144K)
 Metaspace       used 73011K, committed 73792K, reserved 1114112K
  class space    used 10447K, committed 10816K, reserved 1048576K
}
Event: 16.442 GC heap before
{Heap before GC invocations=24 (full 0):
 garbage-first heap   total 90112K, used 75777K [0x0000000700e00000, 0x0000000800000000)
  region size 2048K, 21 young (43008K), 3 survivors (6144K)
 Metaspace       used 73011K, committed 73792K, reserved 1114112K
  class space    used 10447K, committed 10816K, reserved 1048576K
}
Event: 16.444 GC heap after
{Heap after GC invocations=25 (full 0):
 garbage-first heap   total 90112K, used 39017K [0x0000000700e00000, 0x0000000800000000)
  region size 2048K, 2 young (4096K), 2 survivors (4096K)
 Metaspace       used 73011K, committed 73792K, reserved 1114112K
  class space    used 10447K, committed 10816K, reserved 1048576K
}
Event: 16.570 GC heap before
{Heap before GC invocations=25 (full 0):
 garbage-first heap   total 90112K, used 77929K [0x0000000700e00000, 0x0000000800000000)
  region size 2048K, 21 young (43008K), 2 survivors (4096K)
 Metaspace       used 73011K, committed 73792K, reserved 1114112K
  class space    used 10447K, committed 10816K, reserved 1048576K
}
Event: 17.586 GC heap after
{Heap after GC invocations=26 (full 0):
 garbage-first heap   total 108544K, used 41655K [0x0000000700e00000, 0x0000000800000000)
  region size 2048K, 3 young (6144K), 3 survivors (6144K)
 Metaspace       used 73011K, committed 73792K, reserved 1114112K
  class space    used 10447K, committed 10816K, reserved 1048576K
}
Event: 17.597 GC heap before
{Heap before GC invocations=26 (full 0):
 garbage-first heap   total 108544K, used 43703K [0x0000000700e00000, 0x0000000800000000)
  region size 2048K, 4 young (8192K), 3 survivors (6144K)
 Metaspace       used 73011K, committed 73792K, reserved 1114112K
  class space    used 10447K, committed 10816K, reserved 1048576K
}
Event: 17.599 GC heap after
{Heap after GC invocations=27 (full 0):
 garbage-first heap   total 108544K, used 41998K [0x0000000700e00000, 0x0000000800000000)
  region size 2048K, 1 young (2048K), 1 survivors (2048K)
 Metaspace       used 73011K, committed 73792K, reserved 1114112K
  class space    used 10447K, committed 10816K, reserved 1048576K
}
Event: 17.610 GC heap before
{Heap before GC invocations=27 (full 0):
 garbage-first heap   total 108544K, used 44046K [0x0000000700e00000, 0x0000000800000000)
  region size 2048K, 2 young (4096K), 1 survivors (2048K)
 Metaspace       used 73011K, committed 73792K, reserved 1114112K
  class space    used 10447K, committed 10816K, reserved 1048576K
}
Event: 17.611 GC heap after
{Heap after GC invocations=28 (full 0):
 garbage-first heap   total 108544K, used 41466K [0x0000000700e00000, 0x0000000800000000)
  region size 2048K, 1 young (2048K), 1 survivors (2048K)
 Metaspace       used 73011K, committed 73792K, reserved 1114112K
  class space    used 10447K, committed 10816K, reserved 1048576K
}
Event: 17.621 GC heap before
{Heap before GC invocations=28 (full 0):
 garbage-first heap   total 108544K, used 43514K [0x0000000700e00000, 0x0000000800000000)
  region size 2048K, 2 young (4096K), 1 survivors (2048K)
 Metaspace       used 73011K, committed 73792K, reserved 1114112K
  class space    used 10447K, committed 10816K, reserved 1048576K
}
Event: 17.622 GC heap after
{Heap after GC invocations=29 (full 0):
 garbage-first heap   total 108544K, used 41839K [0x0000000700e00000, 0x0000000800000000)
  region size 2048K, 1 young (2048K), 1 survivors (2048K)
 Metaspace       used 73011K, committed 73792K, reserved 1114112K
  class space    used 10447K, committed 10816K, reserved 1048576K
}
Event: 17.634 GC heap before
{Heap before GC invocations=29 (full 0):
 garbage-first heap   total 108544K, used 43887K [0x0000000700e00000, 0x0000000800000000)
  region size 2048K, 2 young (4096K), 1 survivors (2048K)
 Metaspace       used 73011K, committed 73792K, reserved 1114112K
  class space    used 10447K, committed 10816K, reserved 1048576K
}

